[2023-12-21 08:30:45] [auth_service] [200] [150] [user123] [trans456] [Authentication successful]
[2023-12-21 09:15:22] [data_service] [404] [200] [user456] [trans789] [Data not found]
[2023-12-21 10:05:11] [payment_service] [500] [500] [user789] [trans012] [Internal server error]
[2023-12-21 11:20:33] [auth_service] [200] [180] [user321] [trans234] [Authentication successful]
[2023-12-21 12:45:02] [data_service] [200] [250] [user567] [trans345] [Data retrieved successfully]
[2023-12-21 13:30:15] [payment_service] [404] [300] [user890] [trans678] [Payment not found]
[2023-12-21 14:12:55] [auth_service] [200] [120] [user432] [trans901] [Authentication successful]
[2023-12-21 15:01:17] [data_service] [200] [180] [user123] [trans234] [Data retrieved successfully]
[2023-12-21 16:22:40] [payment_service] [500] [400] [user789] [trans567] [Internal server error]
[2023-12-21 17:10:09] [auth_service] [200] [160] [user876] [trans890] [Authentication successful]
[2023-12-21 18:45:30] [data_service] [404] [200] [user098] [trans123] [Data not found]
[2023-12-21 19:30:44] [payment_service] [200] [300] [user345] [trans456] [Payment processed successfully]
[2023-12-21 20:15:18] [auth_service] [200] [140] [user567] [trans789] [Authentication successful]
[2023-12-21 21:00:25] [data_service] [200] [220] [user234] [trans012] [Data retrieved successfully]
[2023-12-21 22:10:48] [payment_service] [404] [500] [user901] [trans345] [Payment not found]
[2023-12-21 23:05:59] [auth_service] [200] [200] [user432] [trans678] [Authentication successful]
[2023-12-22 00:20:12] [data_service] [500] [180] [user789] [trans901] [Internal server error]
[2023-12-22 01:35:37] [payment_service] [200] [250] [user098] [trans123] [Payment processed successfully]
[2023-12-22 02:25:04] [auth_service] [200] [130] [user876] [trans456] [Authentication successful]
[2023-12-22 03:10:29] [data_service] [404] [200] [user567] [trans789] [Data not found]
[2023-12-22 04:45:51] [payment_service] [200] [180] [user234] [trans012] [Payment processed successfully]
[2023-12-22 05:30:02] [auth_service] [200] [150] [user901] [trans345] [Authentication successful]
[2023-12-22 06:15:26] [data_service] [200] [300] [user432] [trans678] [Data retrieved successfully]
[2023-12-22 07:00:39] [payment_service] [500] [400] [user789] [trans901] [Internal server error]
[2023-12-22 08:20:53] [auth_service] [200] [160] [user098] [trans123] [Authentication successful]
[2023-12-22 09:05:15] [data_service] [200] [200] [user876] [trans456] [Data retrieved successfully]
[2023-12-22 10:30:27] [payment_service] [404] [250] [user567] [trans789] [Payment not found]
[2023-12-22 11:15:48] [auth_service] [200] [140] [user234] [trans012] [Authentication successful]
[2023-12-22 12:00:56] [data_service] [200] [180] [user901] [trans345] [Data retrieved successfully]
[2023-12-22 13:10:10] [payment_service] [200] [220] [user432] [trans678] [Payment processed successfully]
[2023-12-22 14:00:24] [auth_service] [200] [200] [user789] [trans901] [Authentication successful]
[2023-12-22 15:25:38] [data_service] [404] [180] [user098] [trans123] [Data not found]
[2023-12-22 16:10:50] [payment_service] [200] [300] [user876] [trans456] [Payment processed successfully]
[2023-12-22 17:45:02] [auth_service] [200] [130] [user567] [trans789] [Authentication successful]
[2023-12-22 18:30:18] [data_service] [200] [180] [user234] [trans012] [Data retrieved successfully]
[2023-12-22 19:15:22] [payment_service] [500] [400] [user901] [trans345] [Internal server error]
[2023-12-22 20:00:36] [auth_service] [200] [150] [user432] [trans678] [Authentication successful]
[2023-12-22 21:25:48] [data_service] [200] [220] [user789] [trans901] [Data retrieved successfully]
[2023-12-22 22:15:55] [payment_service] [404] [250] [user098] [trans123] [Payment not found]
[2023-12-22 23:01:12] [auth_service] [200] [140] [user876] [trans456] [Authentication successful]
[2023-12-23 00:20:26] [data_service] [200] [180] [user567] [trans789] [Data retrieved successfully]
